
*************************************************************************
*                                                                       *
*                            _                                    ___   *
*          _                ( )                                 /'___)  *
*   _ _   (_)  ___ ___     _| | ______   _ _   ___ ___     ___ | (__    *
*  ( '_`\ | |/' _ ` _ `\ /'_` |(______)/'_` )/' _ ` _ `\ /'___)| ,__)   *
*  | (_) )| || ( ) ( ) |( (_| |       ( (_) || ( ) ( ) |( (___ | |      *
*  | ,__/'(_)(_) (_) (_)`\__,_)       `\__, |(_) (_) (_)`\____)(_)      *
*  | |                                    | |                           *
*  (_)                                    (_)                           *
*                                                                       *
*                                                                       *
*************************************************************************

         Author:      Jakob Gamper
         Email:       97gamjak@gmail.com

         Testing:     Josef M. Gallmetzer

         Compile date:Oct 13 2023 00:46:45

INFO:    Reading Moldescriptor File "moldescriptor.dat"

INFO:    Reading Start File "MALONDIALDEHYDE-eq.rst"

INFO:    Setup of QM runner

         QM runner: TURBOMOLE
         QM script: turbomole_rimp2
INFO:    Setup of Reset Kinetics

         reset temperature:      first   100 steps, every    -1 steps
         reset momentum:         first     0 steps, every    -1 steps
         reset angular momentum: first     0 steps, every   100 steps

INFO:    Setup of simulation box

         number of atoms:        9
         total mass:            72.06266 g/mol
         total charge:           0.00000

         density:                0.00012 kg/L
         volume:           1000000.00000 Å³

         box dimensions:       100.00000 Å      100.00000 Å      100.00000 Å
         box angles:            90.00000°        90.00000°        90.00000°

         coulomb cutoff:         0.00000 Å

         velocities initialized with Maxwell-Boltzmann distribution

INFO:    Setup of thermostat

         target temperature:      298.15000 K

         Berendsen thermostat:
         relaxation time:        0.10000 ps

INFO:    Setup of manostat

         No manostat selected

INFO:    Setup of ring polymer MD (RPMD)


************************ STARTING SIMULATION ****************************


INFO:    Initial momentum = 1.02688e-16 Å*amu/fs
