
   OpenMP run-time library returned nthreads =  1

 dscf (ideacentre) : TURBOMOLE rev. V7.5.1 compiled 23 Dec 2020 at 11:32:14
 Copyright (C) 2020 TURBOMOLE GmbH, Karlsruhe


    2023-09-29 20:40:37.384 



                             d s c f - program

                   idea & directorship : reinhart ahlrichs
                   program development : marco haeser
                                         michael baer
                           dft version : oliver treutler


                          quantum chemistry group
                          universitaet  karlsruhe
                                  germany



   *-----------------------------------------------------------------------*
   |                     program will use  1 thread(s)                     |
   *-----------------------------------------------------------------------*


              +--------------------------------------------------+
              | Atomic coordinate, charge and isotop information |
              +--------------------------------------------------+

                    atomic coordinates            atom    charge  isotop
         -8.32564809   -4.19068787    0.71441269    c      6.000     0
         -7.91721757   -2.51699110   -0.29590027    h      1.000     0
        -10.05434627   -4.13429802    3.00016823    c      6.000     0
        -11.36069819   -2.60180314    3.18645197    h      1.000     0
         -9.89136060   -6.20412252    5.02497479    c      6.000     0
        -10.21443336   -5.70159115    7.02083107    h      1.000     0
         -9.32213007   -8.72834074    4.32925360    o      8.000     0
         -7.23984481   -6.53964093   -0.11560031    o      8.000     0
         -7.73450789   -7.79771604    1.15525899    h      1.000     0
 
       center of nuclear mass  :   -8.90979605   -6.07176322    2.54693815
       center of nuclear charge:   -8.93028384   -5.99833172    2.55824216

              +--------------------------------------------------+
              |               basis set information              |
              +--------------------------------------------------+

              we will work with the 1s 3p 5d 7f 9g ... basis set
              ...i.e. with spherical basis functions...

   type   atoms  prim   cont   basis
   ---------------------------------------------------------------------------
    c        3     27     14   6-31G**   [3s2p1d|10s4p1d]
    h        4      7      5   6-31G**   [2s1p|4s1p]
    o        2     27     14   6-31G**   [3s2p1d|10s4p1d]
   ---------------------------------------------------------------------------
   total:    9    163     90
   ---------------------------------------------------------------------------

   total number of primitive shells          :   35
   total number of contracted shells         :   42
   total number of cartesian basis functions :   95
   total number of SCF-basis functions       :   90


 integral neglect threshold       :  0.35E-11
 integral storage threshold THIZE :  0.10E+06
 integral storage threshold THIME :     99999


 DENSITY CONVERGENCE CHECK SWITCHED ON !
 SCF CONVERGENCE IF RMS(delta[D]) <     0.1000000000E-06


 symmetry group of the molecule :   c1 

 the group has the following generators :
   c1(z)

    1 symmetry operations found

 there are 1 real representations :   a   

 maximum number of shells which are related by symmetry :  1


          ------------------------
          nuclear repulsion energy  :   152.208493578    
          ------------------------


         -----------------
         -S,T+V- integrals
         -----------------

 1e-integrals will be neglected if expon. factor < 0.351785E-12
 
   Difference densities algorithm switched on.
   The maximal number of linear combinations of
   difference densities is                    20 .

 DIIS switched on: error vector is FDS-SDF
 Max. Iterations for DIIS is     :   5
 DIIS matrix (see manual) 
    Scaling factor of diagonals  :  1.200
    threshold for scaling factor :  0.000

 scf convergence criterion : increment of total energy < .1000000D-07
                  and increment of one-electron energy < .1000000D-04

 MOs are in ASCII format !


    mo occupation :
   irrep   mo's   occupied
    a       90       19
 
 number of basis functions   :    90
 number of occupied orbitals :    19
 

 reading orbital data $scfmo  from file mos
 orbital characterization : scfconv=8
 mo-orthogonalization by Cholesky decomposition

 automatic virtual orbital shift switched on 
      shift if e(lumo)-e(homo) < 0.10000000    


 DSCF restart information will be dumped onto file mos

 
                                              current damping :  0.300
 ITERATION  ENERGY          1e-ENERGY        2e-ENERGY     RMS[dD(SAO)]   TOL
   1  -265.52648146414    -664.37439558     246.63942054    0.000D+00 0.351D-11
          max. resid. norm for Fia-block=  1.407D-03 for orbital     12a         
          max. resid. fock norm         =  8.116D-03 for orbital     89a         
          Delta Eig. =     0.1232837696 eV 
 
                                              current damping :  0.250
 ITERATION  ENERGY          1e-ENERGY        2e-ENERGY     RMS[dD(SAO)]   TOL
   2  -265.52649939644    -664.37731247     246.64231950    0.813D-04 0.222D-11
          Norm of current diis error: 0.37571E-02
          max. resid. norm for Fia-block=  5.962D-04 for orbital     16a         
          max. resid. fock norm         =  2.109D-03 for orbital     89a         
          Delta Eig. =     0.0362211138 eV 
 
                                              current damping :  0.200
 ITERATION  ENERGY          1e-ENERGY        2e-ENERGY     RMS[dD(SAO)]   TOL
   3  -265.52650282480    -664.37531419     246.64031779    0.356D-04 0.178D-11
          Norm of current diis error: 0.18261E-02
          max. resid. norm for Fia-block=  3.135D-04 for orbital     14a         
          max. resid. fock norm         =  3.972D-04 for orbital     89a         
          Delta Eig. =     0.0181022123 eV 
 
                                              current damping :  0.100
 ITERATION  ENERGY          1e-ENERGY        2e-ENERGY     RMS[dD(SAO)]   TOL
   4  -265.52650361383    -664.37510790     246.64011071    0.185D-04 0.159D-11
          Norm of current diis error: 0.62789E-03
          max. resid. norm for Fia-block=  1.103D-04 for orbital     16a         
          max. resid. fock norm         =  1.191D-04 for orbital     16a         
          Delta Eig. =     0.0049235033 eV 
 
                                              current damping :  0.100
 ITERATION  ENERGY          1e-ENERGY        2e-ENERGY     RMS[dD(SAO)]   TOL
   5  -265.52650374458    -664.37468665     246.63968933    0.859D-05 0.146D-11
          Norm of current diis error: 0.31222E-03
          max. resid. norm for Fia-block=  5.777D-05 for orbital     14a         
          max. resid. fock norm         =  6.899D-05 for orbital     14a         
 mo-orthogonalization: Cholesky decomposition
          Delta Eig. =     0.0036613743 eV 
 
                                              current damping :  0.150
 ITERATION  ENERGY          1e-ENERGY        2e-ENERGY     RMS[dD(SAO)]   TOL
   6  -265.52650379196    -664.37495122     246.63995385    0.397D-05 0.138D-11
          Norm of current diis error: 0.15752E-03
          max. resid. norm for Fia-block=  3.089D-05 for orbital     19a         
          max. resid. fock norm         =  3.744D-05 for orbital     20a         
          Delta Eig. =     0.0016603185 eV 
 
                                              current damping :  0.200
 ITERATION  ENERGY          1e-ENERGY        2e-ENERGY     RMS[dD(SAO)]   TOL
   7  -265.52650380412    -664.37474759     246.63975021    0.255D-05 0.129D-11
          Norm of current diis error: 0.88731E-04
          max. resid. norm for Fia-block=  2.431D-05 for orbital     14a         
          max. resid. fock norm         =  2.725D-05 for orbital     20a         
          Delta Eig. =     0.0006421594 eV 
 
                                              current damping :  0.250
 ITERATION  ENERGY          1e-ENERGY        2e-ENERGY     RMS[dD(SAO)]   TOL
   8  -265.52650380903    -664.37480408     246.63980670    0.184D-05 0.121D-11
          Norm of current diis error: 0.45652E-04
          max. resid. norm for Fia-block=  1.579D-05 for orbital     17a         
          max. resid. fock norm         =  1.850D-05 for orbital     20a         
          Delta Eig. =     0.0002822708 eV 
 
                                              current damping :  0.300
 ITERATION  ENERGY          1e-ENERGY        2e-ENERGY     RMS[dD(SAO)]   TOL
   9  -265.52650381061    -664.37477926     246.63978187    0.118D-05 0.113D-11
          Norm of current diis error: 0.20548E-04
          max. resid. norm for Fia-block=  7.856D-06 for orbital     17a         
          max. resid. fock norm         =  8.945D-06 for orbital     20a         
          Delta Eig. =     0.0001448211 eV 

 ENERGY & DENSITY CONVERGED !

 
                                              current damping :  0.150
 ITERATION  ENERGY          1e-ENERGY        2e-ENERGY     RMS[dD(SAO)]   TOL
  10  -265.52650381093    -664.37477845     246.63978106    0.556D-06 0.108D-11
          max. resid. norm for Fia-block=  1.550D-06 for orbital     17a         
          max. resid. fock norm         =  1.594D-06 for orbital     20a         

 convergence criteria satisfied after    10 iterations


                  ------------------------------------------ 
                 |  total energy      =   -265.52650381093  |
                  ------------------------------------------ 
                 :  kinetic energy    =    263.90713393739  :
                 :  potential energy  =   -529.43363774832  :
                 :  virial theorem    =      1.99390128725  :
                 :  wavefunction norm =      1.00000000000  :
                  .......................................... 


 orbitals $scfmo  will be written to file mos

    irrep                 15a         16a         17a         18a         19a   
 eigenvalues H         -0.56428    -0.54425    -0.46808    -0.43514    -0.34225
            eV         -15.3548    -14.8099    -12.7373    -11.8408     -9.3131
 occupation              2.0000      2.0000      2.0000      2.0000      2.0000

    irrep                 20a         21a         22a         23a         24a   
 eigenvalues H          0.05224     0.15588     0.24668     0.26054     0.27741
            eV           1.4214      4.2417      6.7127      7.0898      7.5488
 
 
 
 
 ==============================================================================
                           electrostatic moments
 ==============================================================================

 reference point for electrostatic moments:    0.00000   0.00000   0.00000

 
              nuc           elec       ->  total
 ------------------------------------------------------------------------------
                          charge      
 ------------------------------------------------------------------------------
          38.000000     -38.000000      -0.000000
 
 ------------------------------------------------------------------------------
                       dipole moment  
 ------------------------------------------------------------------------------
   x    -339.350786     339.064912      -0.285874
   y    -227.936605     229.657774       1.721169
   z      97.213202     -97.013071       0.200131
 
   | dipole moment | =     1.7562 a.u. =     4.4638 debye 
 
 ------------------------------------------------------------------------------
                     quadrupole moment
 ------------------------------------------------------------------------------
  xx    3079.916611   -3097.119606     -17.202995
  yy    1496.896353   -1539.977956     -43.081603
  zz     419.484725    -438.979528     -19.494803
  xy    2024.688007   -2039.034029     -14.346022
  xz    -945.573376     942.378635      -3.194742
  yz    -632.271937     635.822948       3.551011
 
     1/3  trace=     -26.593134
     anisotropy=      36.076573
 
 ==============================================================================
 
HOMO-LUMO Separation
 HOMO         :   -0.34224848 H =     -9.31306 eV
 LUMO         :    0.05223542 H =     +1.42140 eV
 HOMO-LUMO gap:    0.39448390 H =    +10.73446 eV
 
 ==============================================================================


    ------------------------------------------------------------------------
         total  cpu-time :   1.94 seconds
         total wall-time :   1.96 seconds
    ------------------------------------------------------------------------

   ****  dscf : all done  ****


    2023-09-29 20:40:39.335 

 dscf ended normally

   OpenMP run-time library returned nthreads =  1

 ricc2 (ideacentre) : TURBOMOLE rev. V7.5.1 compiled 23 Dec 2020 at 11:32:14
 Copyright (C) 2020 TURBOMOLE GmbH, Karlsruhe


    2023-09-29 20:40:39.346 



                              R I C C 2 - PROGRAM

                          the quantum chemistry groups
                             at the universities in
                               Karlsruhe & Bochum
                                   Germany



   *-----------------------------------------------------------------------*
   |                     program will use  1 thread(s)                     |
   *-----------------------------------------------------------------------*


              +--------------------------------------------------+
              | Atomic coordinate, charge and isotop information |
              +--------------------------------------------------+

                    atomic coordinates            atom    charge  isotop
         -8.32564809   -4.19068787    0.71441269    c      6.000     0
         -7.91721757   -2.51699110   -0.29590027    h      1.000     0
        -10.05434627   -4.13429802    3.00016823    c      6.000     0
        -11.36069819   -2.60180314    3.18645197    h      1.000     0
         -9.89136060   -6.20412252    5.02497479    c      6.000     0
        -10.21443336   -5.70159115    7.02083107    h      1.000     0
         -9.32213007   -8.72834074    4.32925360    o      8.000     0
         -7.23984481   -6.53964093   -0.11560031    o      8.000     0
         -7.73450789   -7.79771604    1.15525899    h      1.000     0
 
       center of nuclear mass  :   -8.90979605   -6.07176322    2.54693815
       center of nuclear charge:   -8.93028384   -5.99833172    2.55824216

              +--------------------------------------------------+
              |               basis set information              |
              +--------------------------------------------------+

              we will work with the 1s 3p 5d 7f 9g ... basis set
              ...i.e. with spherical basis functions...

   type   atoms  prim   cont   basis
   ---------------------------------------------------------------------------
    c        3     27     14   6-31G**   [3s2p1d|10s4p1d]
    h        4      7      5   6-31G**   [2s1p|4s1p]
    o        2     27     14   6-31G**   [3s2p1d|10s4p1d]
   ---------------------------------------------------------------------------
   total:    9    163     90
   ---------------------------------------------------------------------------

   total number of primitive shells          :   35
   total number of contracted shells         :   42
   total number of cartesian basis functions :   95
   total number of SCF-basis functions       :   90


 symmetry group of the molecule :   c1 

 the group has the following generators :
   c1(z)

    1 symmetry operations found

 there are 1 real representations :   a   


   =========================================================================


     restricted closed shell calculation for the wavefunction models:
               MP2        - Second Order Moeller Plesset PT


     global parameters for ricc2 program:

        hard restart (reuse of interm.) :  disabled
        soft restart (reuse of vectors) :  disabled
        threshold for vector function   :    0.100000E-05
        convergence threshold energy    :    0.100000E-06
        linear dependence threshold     :    0.100000E-13
        global print level              :      1
        maximum number of iterations    :   100
        maximum number DIIS vectors     :    10
        max. dim. of reduced space      :   100
        core memory limit (MB)          :  1000


     this is a ground state geometry optimization run at the MP2 level

     Scratch Directory : 


   =========================================================================

    der. integral neglect threshold  :  0.10E-07
    integral neglect threshold       :  0.35E-10
    integral storage threshold THIZE :  0.10E+06
    integral storage threshold THIME :     99999


                  +------------------------------------------+
                  |     Auxiliary basis set information      |
                  +------------------------------------------+

              we will work with the 1s 3p 5d 7f 9g ... basis set
              ...i.e. with spherical basis functions...

   type   atoms  prim   cont   basis
   ---------------------------------------------------------------------------
    c        3     72     48   SVP   [6s5p4d1f|8s6p5d3f]
    h        4     23     14   SVP   [3s2p1d|4s3p2d]
    o        2     72     48   SVP   [6s5p4d1f|8s6p5d3f]
   ---------------------------------------------------------------------------
   total:    9    452    296
   ---------------------------------------------------------------------------

   total number of primitive shells          :   53
   total number of contracted shells         :  104
   total number of cartesian basis functions :  335
   total number of SCF-basis functions       :  296


 maximum number of shells which are related by symmetry :  1


 The symmetry information takes   1 MB

*---------------------------------------------------------------------*
|               simplified C1 algorithm will be applied               |
*---------------------------------------------------------------------*
  MOs are in ASCII format !


 reading orbital data $scfmo  from file mos
 orbital characterization : scfconv=8
 time elapsed for calculating density matrices :   0.000 sec



              +--------------------------------------------+
              | list of orbitals that will be kept frozen: |
              +--------------------------------------------+
              |   irrep   index      energy     occ/vir    |
              +--------------------------------------------+
              |   a         1      -20.6160     occupied   |
              |   a         2      -20.5617     occupied   |
              |   a         3      -11.3868     occupied   |
              |   a         4      -11.3811     occupied   |
              |   a         5      -11.2760     occupied   |
              +--------------------------------------------+



   Molecular Orbital Statistic:
   ============================

   -----------------------------
   orbitals in total:
   -----------------------------
    frozen occupied :      5
    active occupied :     14
    active virtual  :     71
    frozen virtual  :      0
    all together    :     90
   -----------------------------


     time in riccmos       cpu:  0.01 sec    wall:  0.01 sec    ratio:  1.0

     total memory allocated for calculation of (Q|P)**(-1/2) : 2 MiB


     calculation of (P|Q) ...
     time in lp2sym        cpu:  0.00 sec    wall:  0.00 sec    ratio:  1.0


     calculation of the Cholesky decomposition of (P|Q)**(-1) ...
     time in invmetri      cpu:  0.00 sec    wall:  0.00 sec    ratio:  1.0

   threshold for RMS(d[D]) in SCF was     :  0.10E-06
   integral neglect threshold             :  0.35E-10
   derivative integral neglect threshold  :  0.10E-07


 setting up bound for integral derivative estimation

 increment for numerical differentiation : 0.00050000

   =========================================================================

     Energy of reference wave function is  -265.5265038109000
     Maximum orbital residual is           0.1594087730970E-05


     Number of symmetry-nonredundant auxiliary basis functions:      296

     Block lengths for integral files:
        frozen occupied (BOI):        1 MiB
        active occupied (BJI):        1 MiB
        active virtual  (BAI):        1 MiB
        frozen virtual  (BGI):        0 MiB
               general  (BTI):        1 MiB

   =========================================================================



      A SCF based gradient calculation with 4-index ERIs will be done.
      Solution of CPHF equation will be preoptimized using RI-CPHF.
      A "cbas" type auxiliary basis is used for RI-SCF and/or RI-CPHF.

      The semi-canonical algorithm will be used for densities


                    ========   CC DENSITY MODULE   ========

                      current wave-function model: MP2     

  calculating CC ground state density

   a semicanonical algorithm will be used when possible

    density nr.      cpu/min        wall/min    L     R
   ------------------------------------------------------
         1             0.00            0.00    L0     R0  
   ------------------------------------------------------
     time in cc_1den       cpu:  0.12 sec    wall:  0.13 sec    ratio:  1.0

 reading orbital data $scfmo  from file mos
 orbital characterization : scfconv=8

   EMP2            :     -266.308838891717
   EMP2 from traces:     -266.308838891717
   Delta           :        0.000000000000

   --------------------------------------------------------------------------

        Solving 4-Index ERI based CPHF equations using a RI-CPHF
        preoptimization with a "cbas" type auxiliary basis


 ======== LINEAR CC RESPONSE SOLVER ========

    threshold for convergence: 1.00E-02
    maximum number of simultaneous Jacobi matrix transformations:  1
                                                
     summary of start vectors generation:
     -------------------------------------------
     type of solution vectors      : l0o
     symmetry                      : a  
     number of vectors requested   :     1
     number of vectors generated   :     1
     -------------------------------------------
                                                

    Iter  #Vectors  time (min)    max. residual 
    --------------------------------------------
      1       1         0.00     0.58E+00  (  1)
      2       1         0.00     0.24E+00  (  1)
      3       1         0.00     0.13E+00  (  1)
      4       1         0.00     0.54E-01  (  1)
      5       1         0.00     0.24E-01  (  1)
      6       1         0.00     0.94E-02  (  1)
    --------------------------------------------
    converged in  6 iterations

         Total time          0.01 minutes


 ===========================================




 ======== LINEAR CC RESPONSE SOLVER ========

    threshold for convergence: 1.00E-04
    maximum number of simultaneous Jacobi matrix transformations:  1
                                                
     summary of start vectors generation:
     -------------------------------------------
     type of solution vectors      : l0o
     symmetry                      : a  
     number of vectors requested   :     1
     number of vectors generated   :     1
     -------------------------------------------
                                                

    Iter  #Vectors  time (min)    max. residual 
    --------------------------------------------
      1       1         0.00     0.93E-02  (  1)
      2       1         0.00     0.38E-02  (  1)
      3       1         0.00     0.19E-02  (  1)
      4       1         0.00     0.85E-03  (  1)
