 KPT            1  SPIN            1  KWEIGHT    1.0000000000000000     
     1   -25.150  2.00000
     2   -24.085  2.00000
     3   -17.928  2.00000
     4   -14.903  2.00000
     5   -13.367  2.00000
     6   -11.605  2.00000
     7   -10.735  2.00000
     8   -10.475  2.00000
     9   -10.125  2.00000
    10    -9.776  2.00000
    11    -9.390  2.00000
    12    -8.652  2.00000
    13    -6.703  2.00000
    14    -6.291  2.00000
    15    -2.858  0.00000
    16     0.268  0.00000
    17     7.643  0.00000
    18    10.224  0.00000
    19    11.111  0.00000
    20    13.437  0.00000
    21    17.802  0.00000
    22    21.887  0.00000
    23    24.168  0.00000
    24    26.479  0.00000

