 KPT            1  SPIN            1  KWEIGHT    1.0000000000000000     
     1   -25.206  2.00000
     2   -24.019  2.00000
     3   -17.776  2.00000
     4   -14.759  2.00000
     5   -13.321  2.00000
     6   -11.480  2.00000
     7   -10.964  2.00000
     8   -10.412  2.00000
     9    -9.926  2.00000
    10    -9.470  2.00000
    11    -9.219  2.00000
    12    -8.703  2.00000
    13    -6.588  2.00000
    14    -6.111  2.00000
    15    -2.676  0.00000
    16    -0.140  0.00000
    17     5.829  0.00000
    18     8.059  0.00000
    19     9.724  0.00000
    20    11.631  0.00000
    21    15.903  0.00000
    22    21.002  0.00000
    23    22.105  0.00000
    24    26.532  0.00000

