 KPT            1  SPIN            1  KWEIGHT    1.0000000000000000     
     1   -25.009  2.00000
     2   -24.991  2.00000
     3   -24.985  2.00000
     4   -24.980  2.00000
     5   -24.975  2.00000
     6   -24.971  2.00000
     7   -24.971  2.00000
     8   -24.945  2.00000
     9   -24.904  2.00000
    10   -24.850  2.00000
    11   -24.841  2.00000
    12   -24.827  2.00000
    13   -24.827  2.00000
    14   -24.813  2.00000
    15   -24.807  2.00000
    16   -24.802  2.00000
    17   -24.800  2.00000
    18   -24.799  2.00000
    19   -24.789  2.00000
    20   -24.773  2.00000
    21   -24.770  2.00000
    22   -24.760  2.00000
    23   -24.742  2.00000
    24   -24.738  2.00000
    25   -24.706  2.00000
    26   -24.703  2.00000
    27   -24.679  2.00000
    28   -24.678  2.00000
    29   -24.672  2.00000
    30   -24.657  2.00000
    31   -24.652  2.00000
    32   -24.649  2.00000
    33   -24.644  2.00000
    34   -24.621  2.00000
    35   -24.620  2.00000
    36   -24.612  2.00000
    37   -24.599  2.00000
    38   -24.593  2.00000
    39   -24.578  2.00000
    40   -24.568  2.00000
    41   -24.554  2.00000
    42   -24.534  2.00000
    43   -24.466  2.00000
    44   -24.464  2.00000
    45   -24.442  2.00000
    46   -24.441  2.00000
    47   -24.355  2.00000
    48   -24.284  2.00000
    49   -23.638  2.00000
    50   -23.562  2.00000
    51   -23.544  2.00000
    52   -23.541  2.00000
    53   -23.501  2.00000
    54   -23.489  2.00000
    55   -23.400  2.00000
    56   -23.388  2.00000
    57   -23.379  2.00000
    58   -23.370  2.00000
    59   -23.365  2.00000
    60   -23.355  2.00000
    61   -23.343  2.00000
    62   -23.327  2.00000
    63   -23.318  2.00000
    64   -23.312  2.00000
    65   -23.299  2.00000
    66   -23.298  2.00000
    67   -23.296  2.00000
    68   -23.290  2.00000
    69   -23.277  2.00000
    70   -23.248  2.00000
    71   -23.239  2.00000
    72   -23.238  2.00000
    73   -23.225  2.00000
    74   -23.224  2.00000
    75   -23.204  2.00000
    76   -23.193  2.00000
    77   -23.189  2.00000
    78   -23.180  2.00000
    79   -23.158  2.00000
    80   -23.152  2.00000
    81   -23.135  2.00000
    82   -23.134  2.00000
    83   -23.115  2.00000
    84   -23.113  2.00000
    85   -23.089  2.00000
    86   -23.086  2.00000
    87   -23.079  2.00000
    88   -23.064  2.00000
    89   -23.038  2.00000
    90   -23.013  2.00000
    91   -22.999  2.00000
    92   -22.980  2.00000
    93   -22.962  2.00000
    94   -22.937  2.00000
    95   -22.889  2.00000
    96   -22.826  2.00000
    97   -22.365  2.00000
    98   -22.352  2.00000
    99   -22.308  2.00000
   100   -22.298  2.00000
   101   -22.234  2.00000
   102   -22.194  2.00000
   103   -22.185  2.00000
   104   -21.898  2.00000
   105   -19.877  2.00000
   106   -19.853  2.00000
   107   -19.853  2.00000
   108   -19.823  2.00000
   109   -19.819  2.00000
   110   -19.775  2.00000
   111   -19.763  2.00000
   112   -19.762  2.00000
   113   -19.744  2.00000
   114   -19.744  2.00000
   115   -19.723  2.00000
   116   -19.698  2.00000
   117   -19.686  2.00000
   118   -19.679  2.00000
   119   -19.669  2.00000
   120   -19.648  2.00000
   121   -19.630  2.00000
   122   -19.621  2.00000
   123   -19.615  2.00000
   124   -19.562  2.00000
   125   -19.520  2.00000
   126   -19.499  2.00000
   127   -19.459  2.00000
   128   -19.442  2.00000
   129   -19.296  2.00000
   130   -19.252  2.00000
   131   -19.246  2.00000
   132   -19.207  2.00000
   133   -19.194  2.00000
   134   -19.156  2.00000
   135   -19.150  2.00000
   136   -19.147  2.00000
   137   -19.116  2.00000
   138   -19.067  2.00000
   139   -18.965  2.00000
   140   -18.919  2.00000
   141   -18.835  2.00000
   142   -18.779  2.00000
   143   -18.761  2.00000
   144   -18.752  2.00000
   145   -18.712  2.00000
   146   -18.709  2.00000
   147   -18.697  2.00000
   148   -18.692  2.00000
   149   -18.572  2.00000
   150   -18.549  2.00000
   151   -18.538  2.00000
   152   -18.449  2.00000
   153   -18.032  2.00000
   154   -17.961  2.00000
   155   -17.944  2.00000
   156   -17.924  2.00000
   157   -17.902  2.00000
   158   -17.889  2.00000
   159   -17.885  2.00000
   160   -17.868  2.00000
   161   -17.852  2.00000
   162   -17.835  2.00000
   163   -17.816  2.00000
   164   -17.796  2.00000
   165   -17.762  2.00000
   166   -17.750  2.00000
   167   -17.744  2.00000
   168   -17.726  2.00000
   169   -17.713  2.00000
   170   -17.694  2.00000
   171   -17.636  2.00000
   172   -17.627  2.00000
   173   -17.609  2.00000
   174   -17.522  2.00000
   175   -17.473  2.00000
   176   -17.419  2.00000
   177   -17.363  2.00000
   178   -17.283  2.00000
   179   -17.278  2.00000
   180   -17.261  2.00000
   181   -17.256  2.00000
   182   -17.238  2.00000
   183   -17.214  2.00000
   184   -17.204  2.00000
   185   -17.194  2.00000
   186   -17.187  2.00000
   187   -17.185  2.00000
   188   -17.173  2.00000
   189   -17.169  2.00000
   190   -17.169  2.00000
   191   -17.153  2.00000
   192   -17.148  2.00000
   193   -17.142  2.00000
   194   -17.122  2.00000
   195   -17.087  2.00000
   196   -17.076  2.00000
   197   -17.072  2.00000
   198   -17.064  2.00000
   199   -17.012  2.00000
   200   -17.009  2.00000
   201   -16.996  2.00000
   202   -16.991  2.00000
   203   -16.985  2.00000
   204   -16.974  2.00000
   205   -16.962  2.00000
   206   -16.959  2.00000
   207   -16.933  2.00000
   208   -16.927  2.00000
   209   -16.920  2.00000
   210   -16.823  2.00000
   211   -16.812  2.00000
   212   -16.805  2.00000
   213   -16.790  2.00000
   214   -16.789  2.00000
   215   -16.783  2.00000
   216   -16.773  2.00000
   217   -16.770  2.00000
   218   -16.761  2.00000
   219   -16.739  2.00000
   220   -16.731  2.00000
   221   -16.728  2.00000
   222   -16.726  2.00000
   223   -16.687  2.00000
   224   -16.656  2.00000
   225   -16.630  2.00000
   226   -16.610  2.00000
   227   -16.604  2.00000
   228   -16.559  2.00000
   229   -16.548  2.00000
   230   -16.547  2.00000
   231   -16.529  2.00000
   232   -16.487  2.00000
   233   -16.465  2.00000
   234   -16.441  2.00000
   235   -16.387  2.00000
   236   -16.264  2.00000
   237   -15.113  2.00000
   238   -14.982  2.00000
   239   -14.976  2.00000
   240   -14.963  2.00000
   241   -14.945  2.00000
   242   -14.927  2.00000
   243   -14.924  2.00000
   244   -14.900  2.00000
   245   -14.889  2.00000
   246   -14.888  2.00000
   247   -14.884  2.00000
   248   -14.877  2.00000
   249   -14.857  2.00000
   250   -14.835  2.00000
   251   -14.818  2.00000
   252   -14.784  2.00000
   253   -14.766  2.00000
   254   -14.743  2.00000
   255   -14.732  2.00000
   256   -14.711  2.00000
   257   -14.685  2.00000
   258   -14.615  2.00000
   259   -14.605  2.00000
   260   -14.605  2.00000
   261   -14.140  2.00000
   262   -14.115  2.00000
   263   -14.105  2.00000
   264   -14.101  2.00000
   265   -14.089  2.00000
   266   -14.085  2.00000
   267   -14.084  2.00000
   268   -14.061  2.00000
   269   -14.056  2.00000
   270   -14.051  2.00000
   271   -14.044  2.00000
   272   -14.038  2.00000
   273   -14.025  2.00000
   274   -14.019  2.00000
   275   -14.011  2.00000
   276   -13.996  2.00000
   277   -13.990  2.00000
   278   -13.980  2.00000
   279   -13.965  2.00000
   280   -13.957  2.00000
   281   -13.951  2.00000
   282   -13.935  2.00000
   283   -13.930  2.00000
   284   -13.921  2.00000
   285   -13.919  2.00000
   286   -13.900  2.00000
   287   -13.881  2.00000
   288   -13.876  2.00000
   289   -13.867  2.00000
   290   -13.860  2.00000
   291   -13.853  2.00000
   292   -13.852  2.00000
   293   -13.850  2.00000
   294   -13.832  2.00000
   295   -13.818  2.00000
   296   -13.808  2.00000
   297   -13.786  2.00000
   298   -13.770  2.00000
   299   -13.759  2.00000
   300   -13.734  2.00000
   301   -13.727  2.00000
   302   -13.719  2.00000
   303   -13.697  2.00000
   304   -13.689  2.00000
   305   -13.652  2.00000
   306   -13.637  2.00000
   307   -13.611  2.00000
   308   -13.604  2.00000
   309   -13.578  2.00000
   310   -13.556  2.00000
   311   -13.543  2.00000
   312   -13.533  2.00000
   313   -13.517  2.00000
   314   -13.490  2.00000
   315   -13.458  2.00000
   316   -13.428  2.00000
   317   -13.426  2.00000
   318   -13.412  2.00000
   319   -13.375  2.00000
   320   -13.329  2.00000
   321   -13.324  2.00000
   322   -13.314  2.00000
   323   -13.309  2.00000
   324   -13.291  2.00000
   325   -13.271  2.00000
   326   -13.234  2.00000
   327   -13.233  2.00000
   328   -13.223  2.00000
   329   -13.190  2.00000
   330   -13.183  2.00000
   331   -13.156  2.00000
   332   -13.152  2.00000
   333   -13.121  2.00000
   334   -13.110  2.00000
   335   -13.094  2.00000
   336   -13.075  2.00000
   337   -13.057  2.00000
   338   -13.043  2.00000
   339   -12.991  2.00000
   340   -12.990  2.00000
   341   -12.952  2.00000
   342   -12.946  2.00000
   343   -12.917  2.00000
   344   -12.890  2.00000
   345   -12.876  2.00000
   346   -12.833  2.00000
   347   -12.796  2.00000
   348   -12.785  2.00000
   349   -12.750  2.00000
   350   -12.737  2.00000
   351   -12.717  2.00000
   352   -12.708  2.00000
   353   -12.695  2.00000
   354   -12.686  2.00000
   355   -12.684  2.00000
   356   -12.668  2.00000
   357   -12.660  2.00000
   358   -12.646  2.00000
   359   -12.644  2.00000
   360   -12.605  2.00000
   361   -12.593  2.00000
   362   -12.582  2.00000
   363   -12.553  2.00000
   364   -12.540  2.00000
   365   -12.532  2.00000
   366   -12.484  2.00000
   367   -12.359  2.00000
   368   -12.335  2.00000
   369   -11.774  2.00000
   370   -11.731  2.00000
   371   -11.720  2.00000
   372   -11.696  2.00000
   373   -11.674  2.00000
   374   -11.673  2.00000
   375   -11.642  2.00000
   376   -11.632  2.00000
   377   -11.622  2.00000
   378   -11.607  2.00000
   379   -11.601  2.00000
   380   -11.585  2.00000
   381   -11.579  2.00000
   382   -11.573  2.00000
   383   -11.561  2.00000
   384   -11.552  2.00000
   385   -11.551  2.00000
   386   -11.539  2.00000
   387   -11.538  2.00000
   388   -11.526  2.00000
   389   -11.513  2.00000
   390   -11.511  2.00000
   391   -11.509  2.00000
   392   -11.494  2.00000
   393   -11.490  2.00000
   394   -11.487  2.00000
   395   -11.484  2.00000
   396   -11.483  2.00000
   397   -11.480  2.00000
   398   -11.474  2.00000
   399   -11.471  2.00000
   400   -11.460  2.00000
   401   -11.449  2.00000
   402   -11.445  2.00000
   403   -11.442  2.00000
   404   -11.426  2.00000
   405   -11.426  2.00000
   406   -11.422  2.00000
   407   -11.419  2.00000
   408   -11.410  2.00000
   409   -11.401  2.00000
   410   -11.398  2.00000
   411   -11.396  2.00000
   412   -11.389  2.00000
   413   -11.383  2.00000
   414   -11.380  2.00000
   415   -11.372  2.00000
   416   -11.370  2.00000
   417   -11.366  2.00000
   418   -11.365  2.00000
   419   -11.360  2.00000
   420   -11.349  2.00000
   421   -11.341  2.00000
   422   -11.317  2.00000
   423   -11.316  2.00000
   424   -11.313  2.00000
   425   -11.292  2.00000
   426   -11.287  2.00000
   427   -11.285  2.00000
   428   -11.281  2.00000
   429   -11.277  2.00000
   430   -11.275  2.00000
   431   -11.271  2.00000
   432   -11.266  2.00000
   433   -11.264  2.00000
   434   -11.260  2.00000
   435   -11.254  2.00000
   436   -11.250  2.00000
   437   -11.241  2.00000
   438   -11.237  2.00000
   439   -11.224  2.00000
   440   -11.223  2.00000
   441   -11.210  2.00000
   442   -11.204  2.00000
   443   -11.201  2.00000
   444   -11.196  2.00000
   445   -11.192  2.00000
   446   -11.169  2.00000
   447   -11.166  2.00000
   448   -11.163  2.00000
   449   -11.146  2.00000
   450   -11.143  2.00000
   451   -11.140  2.00000
   452   -11.138  2.00000
   453   -11.131  2.00000
   454   -11.128  2.00000
   455   -11.113  2.00000
   456   -11.087  2.00000
   457   -11.066  2.00000
   458   -11.052  2.00000
   459   -11.044  2.00000
   460   -11.032  2.00000
   461   -11.026  2.00000
   462   -11.016  2.00000
   463   -11.010  2.00000
   464   -11.005  2.00000
   465   -10.991  2.00000
   466   -10.960  2.00000
   467   -10.950  2.00000
   468   -10.943  2.00000
   469   -10.938  2.00000
   470   -10.930  2.00000
   471   -10.929  2.00000
   472   -10.919  2.00000
   473   -10.902  2.00000
   474   -10.898  2.00000
   475   -10.890  2.00000
   476   -10.888  2.00000
   477   -10.885  2.00000
   478   -10.880  2.00000
   479   -10.869  2.00000
   480   -10.866  2.00000
   481   -10.833  2.00000
   482   -10.828  2.00000
   483   -10.817  2.00000
   484   -10.795  2.00000
   485   -10.792  2.00000
   486   -10.766  2.00000
   487   -10.761  2.00000
   488   -10.744  2.00000
   489   -10.740  2.00000
   490   -10.735  2.00000
   491   -10.733  2.00000
   492   -10.725  2.00000
   493   -10.712  2.00000
   494   -10.708  2.00000
   495   -10.701  2.00000
   496   -10.700  2.00000
   497   -10.694  2.00000
   498   -10.690  2.00000
   499   -10.686  2.00000
   500   -10.669  2.00000
   501   -10.655  2.00000
   502   -10.647  2.00000
   503   -10.642  2.00000
   504   -10.635  2.00000
   505   -10.634  2.00000
   506   -10.628  2.00000
   507   -10.627  2.00000
   508   -10.623  2.00000
   509   -10.618  2.00000
   510   -10.614  2.00000
   511   -10.610  2.00000
   512   -10.606  2.00000
   513   -10.600  2.00000
   514   -10.597  2.00000
   515   -10.592  2.00000
   516   -10.588  2.00000
   517   -10.585  2.00000
   518   -10.577  2.00000
   519   -10.558  2.00000
   520   -10.555  2.00000
   521   -10.549  2.00000
   522   -10.547  2.00000
   523   -10.544  2.00000
   524   -10.538  2.00000
   525   -10.537  2.00000
   526   -10.533  2.00000
   527   -10.512  2.00000
   528   -10.507  2.00000
   529   -10.503  2.00000
   530   -10.499  2.00000
   531   -10.493  2.00000
   532   -10.488  2.00000
   533   -10.483  2.00000
   534   -10.479  2.00000
   535   -10.468  2.00000
   536   -10.462  2.00000
   537   -10.458  2.00000
   538   -10.454  2.00000
   539   -10.450  2.00000
   540   -10.449  2.00000
   541   -10.441  2.00000
   542   -10.436  2.00000
   543   -10.428  2.00000
   544   -10.427  2.00000
   545   -10.423  2.00000
   546   -10.408  2.00000
   547   -10.403  2.00000
   548   -10.401  2.00000
   549   -10.398  2.00000
   550   -10.391  2.00000
   551   -10.384  2.00000
   552   -10.376  2.00000
   553   -10.374  2.00000
   554   -10.369  2.00000
   555   -10.368  2.00000
   556   -10.366  2.00000
   557   -10.364  2.00000
   558   -10.361  2.00000
   559   -10.358  2.00000
   560   -10.354  2.00000
   561   -10.348  2.00000
   562   -10.344  2.00000
   563   -10.338  2.00000
   564   -10.337  2.00000
   565   -10.324  2.00000
   566   -10.323  2.00000
   567   -10.311  2.00000
   568   -10.305  2.00000
   569   -10.285  2.00000
   570   -10.283  2.00000
   571   -10.281  2.00000
   572   -10.278  2.00000
   573   -10.269  2.00000
   574   -10.268  2.00000
   575   -10.263  2.00000
   576   -10.258  2.00000
   577   -10.246  2.00000
   578   -10.242  2.00000
   579   -10.239  2.00000
   580   -10.231  2.00000
   581   -10.226  2.00000
   582   -10.222  2.00000
   583   -10.219  2.00000
   584   -10.219  2.00000
   585   -10.214  2.00000
   586   -10.208  2.00000
   587   -10.207  2.00000
   588   -10.205  2.00000
   589   -10.199  2.00000
   590   -10.196  2.00000
   591   -10.187  2.00000
   592   -10.183  2.00000
   593   -10.180  2.00000
   594   -10.179  2.00000
   595   -10.169  2.00000
   596   -10.162  2.00000
   597   -10.160  2.00000
   598   -10.151  2.00000
   599   -10.144  2.00000
   600   -10.138  2.00000
   601   -10.131  2.00000
   602   -10.126  2.00000
   603   -10.125  2.00000
   604   -10.121  2.00000
   605   -10.115  2.00000
   606   -10.115  2.00000
   607   -10.110  2.00000
   608   -10.107  2.00000
   609   -10.100  2.00000
   610   -10.096  2.00000
   611   -10.095  2.00000
   612   -10.094  2.00000
   613   -10.086  2.00000
   614   -10.086  2.00000
   615   -10.082  2.00000
   616   -10.077  2.00000
   617   -10.072  2.00000
   618   -10.070  2.00000
   619   -10.065  2.00000
   620   -10.060  2.00000
   621   -10.058  2.00000
   622   -10.056  2.00000
   623   -10.052  2.00000
   624   -10.047  2.00000
   625   -10.040  2.00000
   626   -10.038  2.00000
   627   -10.036  2.00000
   628   -10.032  2.00000
   629   -10.031  2.00000
   630   -10.028  2.00000
   631   -10.027  2.00000
   632   -10.020  2.00000
   633   -10.018  2.00000
   634   -10.002  2.00000
   635    -9.998  2.00000
   636    -9.994  2.00000
   637    -9.992  2.00000
   638    -9.988  2.00000
   639    -9.983  2.00000
   640    -9.977  2.00000
   641    -9.975  2.00000
   642    -9.969  2.00000
   643    -9.969  2.00000
   644    -9.963  2.00000
   645    -9.962  2.00000
   646    -9.960  2.00000
   647    -9.955  2.00000
   648    -9.953  2.00000
   649    -9.946  2.00000
   650    -9.939  2.00000
   651    -9.935  2.00000
   652    -9.932  2.00000
   653    -9.931  2.00000
   654    -9.926  2.00000
   655    -9.924  2.00000
   656    -9.918  2.00000
   657    -9.909  2.00000
   658    -9.907  2.00000
   659    -9.903  2.00000
   660    -9.901  2.00000
   661    -9.899  2.00000
   662    -9.896  2.00000
   663    -9.891  2.00000
   664    -9.891  2.00000
   665    -9.889  2.00000
   666    -9.878  2.00000
   667    -9.874  2.00000
   668    -9.870  2.00000
   669    -9.867  2.00000
   670    -9.864  2.00000
   671    -9.860  2.00000
   672    -9.857  2.00000
   673    -9.855  2.00000
   674    -9.852  2.00000
   675    -9.846  2.00000
   676    -9.841  2.00000
   677    -9.840  2.00000
   678    -9.836  2.00000
   679    -9.831  2.00000
   680    -9.828  2.00000
   681    -9.827  2.00000
   682    -9.825  2.00000
   683    -9.822  2.00000
   684    -9.817  2.00000
   685    -9.809  2.00000
   686    -9.805  2.00000
   687    -9.804  2.00000
   688    -9.802  2.00000
   689    -9.798  2.00000
   690    -9.795  2.00000
   691    -9.785  2.00000
   692    -9.784  2.00000
   693    -9.783  2.00000
   694    -9.776  2.00000
   695    -9.772  2.00000
   696    -9.768  2.00000
   697    -9.765  2.00000
   698    -9.762  2.00000
   699    -9.753  2.00000
   700    -9.750  2.00000
   701    -9.744  2.00000
   702    -9.741  2.00000
   703    -9.735  2.00000
   704    -9.732  2.00000
   705    -9.731  2.00000
   706    -9.724  2.00000
   707    -9.723  2.00000
   708    -9.716  2.00000
   709    -9.715  2.00000
   710    -9.706  2.00000
   711    -9.703  2.00000
   712    -9.699  2.00000
   713    -9.694  2.00000
   714    -9.691  2.00000
   715    -9.690  2.00000
   716    -9.680  2.00000
   717    -9.679  2.00000
   718    -9.672  2.00000
   719    -9.670  2.00000
   720    -9.668  2.00000
   721    -9.665  2.00000
   722    -9.658  2.00000
   723    -9.655  2.00000
   724    -9.650  2.00000
   725    -9.646  2.00000
   726    -9.640  2.00000
   727    -9.635  2.00000
   728    -9.630  2.00000
   729    -9.622  2.00000
   730    -9.607  2.00000
   731    -9.606  2.00000
   732    -9.605  2.00000
   733    -9.600  2.00000
   734    -9.593  2.00000
   735    -9.591  2.00000
   736    -9.588  2.00000
   737    -9.574  2.00000
   738    -9.566  2.00000
   739    -9.565  2.00000
   740    -9.560  2.00000
   741    -9.560  2.00000
   742    -9.558  2.00000
   743    -9.551  2.00000
   744    -9.547  2.00000
   745    -9.544  2.00000
   746    -9.536  2.00000
   747    -9.530  2.00000
   748    -9.529  2.00000
   749    -9.528  2.00000
   750    -9.521  2.00000
   751    -9.516  2.00000
   752    -9.506  2.00000
   753    -9.504  2.00000
   754    -9.499  2.00000
   755    -9.494  2.00000
   756    -9.488  2.00000
   757    -9.485  2.00000
   758    -9.480  2.00000
   759    -9.474  2.00000
   760    -9.471  2.00000
   761    -9.464  2.00000
   762    -9.461  2.00000
   763    -9.457  2.00000
   764    -9.449  2.00000
   765    -9.446  2.00000
   766    -9.438  2.00000
   767    -9.430  2.00000
   768    -9.419  2.00000
   769    -9.415  2.00000
   770    -9.413  2.00000
   771    -9.408  2.00000
   772    -9.408  2.00000
   773    -9.403  2.00000
   774    -9.399  2.00000
   775    -9.396  2.00000
   776    -9.392  2.00000
   777    -9.382  2.00000
   778    -9.382  2.00000
   779    -9.377  2.00000
   780    -9.370  2.00000
   781    -9.370  2.00000
   782    -9.365  2.00000
   783    -9.362  2.00000
   784    -9.360  2.00000
   785    -9.356  2.00000
   786    -9.353  2.00000
   787    -9.348  2.00000
   788    -9.342  2.00000
   789    -9.337  2.00000
   790    -9.331  2.00000
   791    -9.325  2.00000
   792    -9.325  2.00000
   793    -9.316  2.00000
   794    -9.314  2.00000
   795    -9.304  2.00000
   796    -9.298  2.00000
   797    -9.297  2.00000
   798    -9.293  2.00000
   799    -9.289  2.00000
   800    -9.280  2.00000
   801    -9.275  2.00000
   802    -9.272  2.00000
   803    -9.267  2.00000
   804    -9.258  2.00000
   805    -9.251  2.00000
   806    -9.243  2.00000
   807    -9.240  2.00000
   808    -9.233  2.00000
   809    -9.223  2.00000
   810    -9.219  2.00000
   811    -9.216  2.00000
   812    -9.213  2.00000
   813    -9.206  2.00000
   814    -9.204  2.00000
   815    -9.203  2.00000
   816    -9.185  2.00000
   817    -9.178  2.00000
   818    -9.168  2.00000
   819    -9.162  2.00000
   820    -9.159  2.00000
   821    -9.151  2.00000
   822    -9.142  2.00000
   823    -9.142  2.00000
   824    -9.137  2.00000
   825    -9.134  2.00000
   826    -9.127  2.00000
   827    -9.120  2.00000
   828    -9.114  2.00000
   829    -9.111  2.00000
   830    -9.107  2.00000
   831    -9.105  2.00000
   832    -9.097  2.00000
   833    -9.096  2.00000
   834    -9.090  2.00000
   835    -9.087  2.00000
   836    -9.080  2.00000
   837    -9.077  2.00000
   838    -9.075  2.00000
   839    -9.071  2.00000
   840    -9.064  2.00000
   841    -9.060  2.00000
   842    -9.051  2.00000
   843    -9.042  2.00000
   844    -9.038  2.00000
   845    -9.037  2.00000
   846    -9.036  2.00000
   847    -9.025  2.00000
   848    -9.021  2.00000
   849    -9.019  2.00000
   850    -9.009  2.00000
   851    -9.007  2.00000
   852    -9.005  2.00000
   853    -8.998  2.00000
   854    -8.993  2.00000
   855    -8.986  2.00000
   856    -8.974  2.00000
   857    -8.967  2.00000
   858    -8.966  2.00000
   859    -8.950  2.00000
   860    -8.948  2.00000
   861    -8.935  2.00000
   862    -8.931  2.00000
   863    -8.927  2.00000
   864    -8.917  2.00000
   865    -8.912  2.00000
   866    -8.902  2.00000
   867    -8.890  2.00000
   868    -8.878  2.00000
   869    -8.862  2.00000
   870    -8.857  2.00000
   871    -8.844  2.00000
   872    -8.838  2.00000
   873    -8.800  2.00000
   874    -8.795  2.00000
   875    -8.744  2.00000
   876    -8.714  2.00000
   877    -8.652  2.00000
   878    -8.645  2.00000
   879    -8.620  2.00000
   880    -8.619  2.00000
   881    -8.587  2.00000
   882    -8.569  2.00000
   883    -8.564  2.00000
   884    -8.560  2.00000
   885    -8.547  2.00000
   886    -8.516  2.00000
   887    -8.511  2.00000
   888    -8.509  2.00000
   889    -8.500  2.00000
   890    -8.485  2.00000
   891    -8.477  2.00000
   892    -8.471  2.00000
   893    -8.465  2.00000
   894    -8.454  2.00000
   895    -8.447  2.00000
   896    -8.434  2.00000
   897    -8.428  2.00000
   898    -8.420  2.00000
   899    -8.416  2.00000
   900    -8.403  2.00000
   901    -8.398  2.00000
   902    -8.384  2.00000
   903    -8.378  2.00000
   904    -8.373  2.00000
   905    -8.356  2.00000
   906    -8.348  2.00000
   907    -8.347  2.00000
   908    -8.328  2.00000
   909    -8.299  2.00000
   910    -8.288  2.00000
   911    -8.278  2.00000
   912    -8.255  2.00000
   913    -8.248  2.00000
   914    -8.243  2.00000
   915    -8.236  2.00000
   916    -8.234  2.00000
   917    -8.234  2.00000
   918    -8.225  2.00000
   919    -8.216  2.00000
   920    -8.207  2.00000
   921    -8.197  2.00000
   922    -8.189  2.00000
   923    -8.165  2.00000
   924    -8.162  2.00000
   925    -8.142  2.00000
   926    -8.133  2.00000
   927    -8.132  2.00000
   928    -8.112  2.00000
   929    -8.107  2.00000
   930    -8.102  2.00000
   931    -8.101  2.00000
   932    -8.099  2.00000
   933    -8.086  2.00000
   934    -8.063  2.00000
   935    -8.061  2.00000
   936    -8.051  2.00000
   937    -8.037  2.00000
   938    -8.034  2.00000
   939    -8.026  2.00000
   940    -8.009  2.00000
   941    -8.001  2.00000
   942    -7.996  2.00000
   943    -7.993  2.00000
   944    -7.989  2.00000
   945    -7.981  2.00000
   946    -7.970  2.00000
   947    -7.967  2.00000
   948    -7.958  2.00000
   949    -7.951  2.00000
   950    -7.944  2.00000
   951    -7.939  2.00000
   952    -7.935  2.00000
   953    -7.930  2.00000
   954    -7.927  2.00000
   955    -7.925  2.00000
   956    -7.895  2.00000
   957    -7.892  2.00000
   958    -7.871  2.00000
   959    -7.857  2.00000
   960    -7.841  2.00000
   961    -7.838  2.00000
   962    -7.831  2.00000
   963    -7.824  2.00000
   964    -7.818  2.00000
   965    -7.818  2.00000
   966    -7.811  2.00000
   967    -7.805  2.00000
   968    -7.798  2.00000
   969    -7.786  2.00000
   970    -7.784  2.00000
   971    -7.776  2.00000
   972    -7.766  2.00000
   973    -7.757  2.00000
   974    -7.750  2.00000
   975    -7.730  2.00000
   976    -7.717  2.00000
   977    -7.708  2.00000
   978    -7.698  2.00000
   979    -7.679  2.00000
   980    -7.676  2.00000
   981    -7.659  2.00000
   982    -7.657  2.00000
   983    -7.651  2.00000
   984    -7.646  2.00000
   985    -7.645  2.00000
   986    -7.645  2.00000
   987    -7.629  2.00000
   988    -7.617  2.00000
   989    -7.617  2.00000
   990    -7.614  2.00000
   991    -7.610  2.00000
   992    -7.605  2.00000
   993    -7.601  2.00000
   994    -7.581  2.00000
   995    -7.581  2.00000
   996    -7.574  2.00000
   997    -7.563  2.00000
   998    -7.561  2.00000
   999    -7.556  2.00000
  1000    -7.549  2.00000
  1001    -7.537  2.00000
  1002    -7.527  2.00000
  1003    -7.522  2.00000
  1004    -7.511  2.00000
  1005    -7.509  2.00000
  1006    -7.507  2.00000
  1007    -7.504  2.00000
  1008    -7.499  2.00000
  1009    -7.487  2.00000
  1010    -7.485  2.00000
  1011    -7.483  2.00000
  1012    -7.473  2.00000
  1013    -7.464  2.00000
  1014    -7.458  2.00000
  1015    -7.455  2.00000
  1016    -7.449  2.00000
  1017    -7.444  2.00000
  1018    -7.437  2.00000
  1019    -7.435  2.00000
  1020    -7.421  2.00000
  1021    -7.415  2.00000
  1022    -7.412  2.00000
  1023    -7.395  2.00000
  1024    -7.387  2.00000
  1025    -7.385  2.00000
  1026    -7.381  2.00000
  1027    -7.377  2.00000
  1028    -7.372  2.00000
  1029    -7.352  2.00000
  1030    -7.342  2.00000
  1031    -7.341  2.00000
  1032    -7.338  2.00000
  1033    -7.330  2.00000
  1034    -7.327  2.00000
  1035    -7.317  2.00000
  1036    -7.313  2.00000
  1037    -7.302  2.00000
  1038    -7.297  2.00000
  1039    -7.295  2.00000
  1040    -7.295  2.00000
  1041    -7.283  2.00000
  1042    -7.271  2.00000
  1043    -7.268  2.00000
  1044    -7.267  2.00000
  1045    -7.259  2.00000
  1046    -7.256  2.00000
  1047    -7.248  2.00000
  1048    -7.246  2.00000
  1049    -7.243  2.00000
  1050    -7.237  2.00000
  1051    -7.222  2.00000
  1052    -7.215  2.00000
  1053    -7.195  2.00000
  1054    -7.193  2.00000
  1055    -7.174  2.00000
  1056    -7.168  2.00000
  1057    -7.166  2.00000
  1058    -7.160  2.00000
  1059    -7.143  2.00000
  1060    -7.140  2.00000
  1061    -7.137  2.00000
  1062    -7.134  2.00000
  1063    -7.127  2.00000
  1064    -7.116  2.00000
  1065    -7.110  2.00000
  1066    -7.107  2.00000
  1067    -7.104  2.00000
  1068    -7.104  2.00000
  1069    -7.103  2.00000
  1070    -7.101  2.00000
  1071    -7.097  2.00000
  1072    -7.096  2.00000
  1073    -7.091  2.00000
  1074    -7.081  2.00000
  1075    -7.073  2.00000
  1076    -7.062  2.00000
  1077    -7.061  2.00000
  1078    -7.055  2.00000
  1079    -7.047  2.00000
  1080    -7.036  2.00000
  1081    -7.026  2.00000
  1082    -7.025  2.00000
  1083    -7.017  2.00000
  1084    -7.010  2.00000
  1085    -6.998  2.00000
  1086    -6.996  2.00000
  1087    -6.991  2.00000
  1088    -6.989  2.00000
  1089    -6.980  2.00000
  1090    -6.976  2.00000
  1091    -6.974  2.00000
  1092    -6.969  2.00000
  1093    -6.968  2.00000
  1094    -6.961  2.00000
  1095    -6.955  2.00000
  1096    -6.952  2.00000
  1097    -6.946  2.00000
  1098    -6.942  2.00000
  1099    -6.938  2.00000
  1100    -6.933  2.00000
  1101    -6.929  2.00000
  1102    -6.923  2.00000
  1103    -6.916  2.00000
  1104    -6.910  2.00000
  1105    -6.907  2.00000
  1106    -6.906  2.00000
  1107    -6.905  2.00000
  1108    -6.901  2.00000
  1109    -6.897  2.00000
  1110    -6.883  2.00000
  1111    -6.883  2.00000
  1112    -6.877  2.00000
  1113    -6.873  2.00000
  1114    -6.864  2.00000
  1115    -6.863  2.00000
  1116    -6.860  2.00000
  1117    -6.856  2.00000
  1118    -6.853  2.00000
  1119    -6.845  2.00000
  1120    -6.842  2.00000
  1121    -6.833  2.00000
  1122    -6.830  2.00000
  1123    -6.819  2.00000
  1124    -6.816  2.00000
  1125    -6.810  2.00000
  1126    -6.792  2.00000
  1127    -6.772  2.00000
  1128    -6.772  2.00000
  1129    -6.768  2.00000
  1130    -6.764  2.00000
  1131    -6.760  2.00000
  1132    -6.758  2.00000
  1133    -6.757  2.00000
  1134    -6.755  2.00000
  1135    -6.745  2.00000
  1136    -6.742  2.00000
  1137    -6.736  2.00000
  1138    -6.724  2.00000
  1139    -6.712  2.00000
  1140    -6.707  2.00000
  1141    -6.705  2.00000
  1142    -6.701  2.00000
  1143    -6.678  2.00000
  1144    -6.648  2.00000
  1145    -6.646  2.00000
  1146    -6.640  2.00000
  1147    -6.637  2.00000
  1148    -6.632  2.00000
  1149    -6.610  2.00000
  1150    -6.608  2.00000
  1151    -6.605  2.00000
  1152    -6.600  2.00000
  1153    -6.595  2.00000
  1154    -6.586  2.00000
  1155    -6.568  2.00000
  1156    -6.562  2.00000
  1157    -6.560  2.00000
  1158    -6.539  2.00000
  1159    -6.536  2.00000
  1160    -6.534  2.00000
  1161    -6.528  2.00000
  1162    -6.524  2.00000
  1163    -6.516  2.00000
  1164    -6.503  2.00000
  1165    -6.495  2.00000
  1166    -6.487  2.00000
  1167    -6.483  2.00000
  1168    -6.481  2.00000
  1169    -6.477  2.00000
  1170    -6.458  2.00000
  1171    -6.445  2.00000
  1172    -6.442  2.00000
  1173    -6.440  2.00000
  1174    -6.435  2.00000
  1175    -6.417  2.00000
  1176    -6.412  2.00000
  1177    -6.406  2.00000
  1178    -6.401  2.00000
  1179    -6.393  2.00000
  1180    -6.382  2.00000
  1181    -6.369  2.00000
  1182    -6.357  2.00000
  1183    -6.326  2.00000
  1184    -6.322  2.00000
  1185    -6.314  2.00000
  1186    -6.311  2.00000
  1187    -6.300  2.00000
  1188    -6.289  2.00000
  1189    -6.287  2.00000
  1190    -6.273  2.00000
  1191    -6.268  2.00000
  1192    -6.235  2.00000
  1193    -6.219  2.00000
  1194    -6.217  2.00000
  1195    -6.216  2.00000
  1196    -6.210  2.00000
  1197    -6.192  2.00000
  1198    -6.187  2.00000
  1199    -6.183  2.00000
  1200    -6.175  2.00000
  1201    -6.174  2.00000
  1202    -6.171  2.00000
  1203    -6.159  2.00000
  1204    -6.131  2.00000
  1205    -6.122  2.00000
  1206    -6.118  2.00000
  1207    -6.116  2.00000
  1208    -6.097  2.00000
  1209    -6.037  2.00000
  1210    -6.028  2.00000
  1211    -6.020  2.00000
  1212    -5.878  2.00000
  1213    -3.442  0.00000
  1214    -3.210  0.00000
  1215    -3.209  0.00000
  1216    -3.202  0.00000
  1217    -3.174  0.00000
  1218    -3.166  0.00000
  1219    -3.135  0.00000
  1220    -3.130  0.00000
  1221    -3.107  0.00000
  1222    -3.089  0.00000
  1223    -3.088  0.00000
  1224    -3.074  0.00000
  1225    -3.069  0.00000
  1226    -3.067  0.00000
  1227    -2.983  0.00000
  1228    -2.979  0.00000
  1229    -2.910  0.00000
  1230    -2.824  0.00000
  1231    -2.808  0.00000
  1232    -2.804  0.00000
  1233    -2.765  0.00000
  1234    -2.745  0.00000
  1235    -2.678  0.00000
  1236    -2.463  0.00000
  1237    -2.458  0.00000
  1238    -2.428  0.00000
  1239    -2.422  0.00000
  1240    -2.383  0.00000
  1241    -2.376  0.00000
  1242    -2.280  0.00000
  1243    -2.267  0.00000
  1244    -2.244  0.00000
  1245    -2.243  0.00000
  1246    -2.227  0.00000
  1247    -2.160  0.00000
  1248    -2.125  0.00000
  1249    -2.117  0.00000
  1250    -2.112  0.00000
  1251    -2.102  0.00000
  1252    -2.097  0.00000
  1253    -2.090  0.00000
  1254    -2.086  0.00000
  1255    -2.061  0.00000
  1256    -2.060  0.00000
  1257    -2.038  0.00000
  1258    -1.997  0.00000
  1259    -1.988  0.00000
  1260    -1.979  0.00000
  1261    -1.974  0.00000
  1262    -1.968  0.00000
  1263    -1.949  0.00000
  1264    -1.895  0.00000
  1265    -1.881  0.00000
  1266    -1.876  0.00000
  1267    -1.874  0.00000
  1268    -1.846  0.00000
  1269    -1.844  0.00000
  1270    -1.830  0.00000
  1271    -1.815  0.00000
  1272    -1.801  0.00000
  1273    -1.794  0.00000
  1274    -1.792  0.00000
  1275    -1.772  0.00000
  1276    -1.760  0.00000
  1277    -1.733  0.00000
  1278    -1.725  0.00000
  1279    -1.719  0.00000
  1280    -1.704  0.00000
  1281    -1.702  0.00000
  1282    -1.694  0.00000
  1283    -1.682  0.00000
  1284    -1.663  0.00000
  1285    -1.656  0.00000
  1286    -1.652  0.00000
  1287    -1.607  0.00000
  1288    -1.594  0.00000
  1289    -1.548  0.00000
  1290    -1.468  0.00000
  1291    -1.460  0.00000
  1292    -1.435  0.00000
  1293    -1.429  0.00000
  1294    -1.412  0.00000
  1295    -1.392  0.00000
  1296    -1.345  0.00000
  1297    -0.889  0.00000
  1298    -0.741  0.00000
  1299    -0.718  0.00000
  1300    -0.708  0.00000
  1301    -0.683  0.00000
  1302    -0.592  0.00000
  1303    -0.570  0.00000
  1304    -0.534  0.00000
  1305    -0.520  0.00000
  1306    -0.508  0.00000
  1307    -0.500  0.00000
  1308    -0.495  0.00000
  1309    -0.492  0.00000
  1310    -0.474  0.00000
  1311    -0.469  0.00000
  1312    -0.458  0.00000
  1313    -0.456  0.00000
  1314    -0.439  0.00000
  1315    -0.432  0.00000
  1316    -0.379  0.00000
  1317    -0.371  0.00000
  1318    -0.302  0.00000
  1319    -0.248  0.00000
  1320    -0.233  0.00000
  1321    -0.206  0.00000
  1322    -0.193  0.00000
  1323    -0.153  0.00000
  1324    -0.106  0.00000
  1325    -0.096  0.00000
  1326    -0.068  0.00000
  1327    -0.009  0.00000
  1328     0.065  0.00000
  1329     0.093  0.00000
  1330     0.097  0.00000
  1331     0.107  0.00000
  1332     0.125  0.00000
  1333     0.168  0.00000
  1334     0.272  0.00000
  1335     0.324  0.00000
  1336     0.330  0.00000
  1337     0.342  0.00000
  1338     0.347  0.00000
  1339     0.393  0.00000
  1340     0.442  0.00000
  1341     0.473  0.00000
  1342     0.475  0.00000
  1343     0.598  0.00000
  1344     0.606  0.00000
  1345     0.616  0.00000
  1346     0.638  0.00000
  1347     0.805  0.00000
  1348     0.824  0.00000
  1349     0.834  0.00000
  1350     0.894  0.00000
  1351     0.971  0.00000
  1352     1.098  0.00000
  1353     1.141  0.00000
  1354     1.172  0.00000
  1355     1.253  0.00000
  1356     1.270  0.00000
  1357     1.291  0.00000
  1358     1.301  0.00000
  1359     1.315  0.00000
  1360     1.328  0.00000
  1361     1.342  0.00000
  1362     1.361  0.00000
  1363     1.366  0.00000
  1364     1.443  0.00000
  1365     1.499  0.00000
  1366     1.565  0.00000
  1367     1.575  0.00000
  1368     1.592  0.00000
  1369     1.636  0.00000
  1370     1.710  0.00000
  1371     1.724  0.00000
  1372     1.821  0.00000
  1373     1.841  0.00000
  1374     1.914  0.00000
  1375     1.943  0.00000
  1376     1.960  0.00000
  1377     2.018  0.00000
  1378     2.031  0.00000
  1379     2.054  0.00000
  1380     2.068  0.00000
  1381     2.074  0.00000
  1382     2.091  0.00000
  1383     2.133  0.00000
  1384     2.180  0.00000
  1385     2.191  0.00000
  1386     2.207  0.00000
  1387     2.237  0.00000
  1388     2.250  0.00000
  1389     2.261  0.00000
  1390     2.267  0.00000
  1391     2.278  0.00000
  1392     2.279  0.00000
  1393     2.346  0.00000
  1394     2.393  0.00000
  1395     2.408  0.00000
  1396     2.446  0.00000
  1397     2.477  0.00000
  1398     2.483  0.00000
  1399     2.506  0.00000
  1400     2.562  0.00000
  1401     2.591  0.00000
  1402     2.628  0.00000
  1403     2.661  0.00000
  1404     2.706  0.00000
  1405     2.750  0.00000
  1406     2.778  0.00000
  1407     2.793  0.00000
  1408     2.816  0.00000
  1409     2.874  0.00000
  1410     2.883  0.00000
  1411     2.892  0.00000
  1412     2.962  0.00000
  1413     2.981  0.00000
  1414     3.026  0.00000
  1415     3.040  0.00000
  1416     3.058  0.00000
  1417     3.140  0.00000
  1418     3.225  0.00000
  1419     3.254  0.00000
  1420     3.268  0.00000
  1421     3.310  0.00000
  1422     3.323  0.00000
  1423     3.389  0.00000
  1424     3.416  0.00000
  1425     5.205  0.00000
  1426     5.335  0.00000
  1427     5.533  0.00000
  1428     5.578  0.00000
  1429     5.624  0.00000
  1430     5.783  0.00000
  1431     5.815  0.00000
  1432     5.913  0.00000
  1433     5.963  0.00000
  1434     5.983  0.00000
  1435     6.104  0.00000
  1436     6.161  0.00000
  1437     6.165  0.00000
  1438     6.184  0.00000
  1439     6.311  0.00000
  1440     6.367  0.00000
  1441     6.415  0.00000
  1442     6.484  0.00000
  1443     6.524  0.00000
  1444     6.540  0.00000
  1445     6.543  0.00000
  1446     6.619  0.00000
  1447     6.708  0.00000
  1448     6.720  0.00000
  1449     6.828  0.00000
  1450     6.829  0.00000
  1451     6.853  0.00000
  1452     6.878  0.00000
  1453     7.036  0.00000
  1454     7.050  0.00000
  1455     7.121  0.00000
  1456     7.128  0.00000
  1457     7.150  0.00000
  1458     7.159  0.00000
  1459     7.170  0.00000
  1460     7.230  0.00000
  1461     7.360  0.00000
  1462     7.397  0.00000
  1463     7.398  0.00000
  1464     7.481  0.00000
  1465     7.483  0.00000
  1466     7.514  0.00000
  1467     7.583  0.00000
  1468     7.638  0.00000
  1469     7.658  0.00000
  1470     7.683  0.00000
  1471     7.784  0.00000
  1472     7.806  0.00000
  1473     7.871  0.00000
  1474     7.912  0.00000
  1475     7.928  0.00000
  1476     7.939  0.00000
  1477     7.961  0.00000
  1478     7.975  0.00000
  1479     8.002  0.00000
  1480     8.007  0.00000
  1481     8.020  0.00000
  1482     8.041  0.00000
  1483     8.056  0.00000
  1484     8.081  0.00000
  1485     8.083  0.00000
  1486     8.098  0.00000
  1487     8.133  0.00000
  1488     8.168  0.00000
  1489     8.174  0.00000
  1490     8.185  0.00000
  1491     8.250  0.00000
  1492     8.274  0.00000
  1493     8.298  0.00000
  1494     8.307  0.00000
  1495     8.311  0.00000
  1496     8.325  0.00000
  1497     8.327  0.00000
  1498     8.335  0.00000
  1499     8.350  0.00000
  1500     8.423  0.00000
  1501     8.433  0.00000
  1502     8.438  0.00000
  1503     8.475  0.00000
  1504     8.480  0.00000
  1505     8.498  0.00000
  1506     8.508  0.00000
  1507     8.524  0.00000
  1508     8.542  0.00000
  1509     8.586  0.00000
  1510     8.604  0.00000
  1511     8.627  0.00000
  1512     8.650  0.00000
  1513     8.654  0.00000
  1514     8.664  0.00000
  1515     8.680  0.00000
  1516     8.715  0.00000
  1517     8.749  0.00000
  1518     8.751  0.00000
  1519     8.755  0.00000
  1520     8.762  0.00000
  1521     8.763  0.00000
  1522     8.782  0.00000
  1523     8.793  0.00000
  1524     8.809  0.00000
  1525     8.819  0.00000
  1526     8.841  0.00000
  1527     8.842  0.00000
  1528     8.867  0.00000
  1529     8.899  0.00000
  1530     8.904  0.00000
  1531     8.914  0.00000
  1532     8.923  0.00000
  1533     8.965  0.00000
  1534     8.983  0.00000
  1535     9.016  0.00000
  1536     9.024  0.00000
  1537     9.046  0.00000
  1538     9.064  0.00000
  1539     9.088  0.00000
  1540     9.137  0.00000
  1541     9.147  0.00000
  1542     9.168  0.00000
  1543     9.184  0.00000
  1544     9.201  0.00000
  1545     9.215  0.00000
  1546     9.229  0.00000
  1547     9.282  0.00000
  1548     9.285  0.00000
  1549     9.303  0.00000
  1550     9.307  0.00000
  1551     9.333  0.00000
  1552     9.342  0.00000
  1553     9.345  0.00000
  1554     9.347  0.00000
  1555     9.367  0.00000
  1556     9.403  0.00000
  1557     9.414  0.00000
  1558     9.418  0.00000
  1559     9.426  0.00000
  1560     9.462  0.00000
  1561     9.468  0.00000
  1562     9.494  0.00000
  1563     9.505  0.00000
  1564     9.508  0.00000
  1565     9.531  0.00000
  1566     9.547  0.00000
  1567     9.554  0.00000
  1568     9.571  0.00000
  1569     9.591  0.00000
  1570     9.601  0.00000
  1571     9.617  0.00000
  1572     9.634  0.00000
  1573     9.647  0.00000
  1574     9.694  0.00000
  1575     9.716  0.00000
  1576     9.722  0.00000
  1577     9.743  0.00000
  1578     9.800  0.00000
  1579     9.808  0.00000
  1580     9.809  0.00000
  1581     9.860  0.00000
  1582     9.901  0.00000
  1583     9.909  0.00000
  1584     9.939  0.00000
  1585     9.963  0.00000
  1586     9.980  0.00000
  1587     9.991  0.00000
  1588    10.022  0.00000
  1589    10.050  0.00000
  1590    10.061  0.00000
  1591    10.133  0.00000
  1592    10.163  0.00000
  1593    10.167  0.00000
  1594    10.202  0.00000
  1595    10.208  0.00000
  1596    10.232  0.00000
  1597    10.253  0.00000
  1598    10.274  0.00000
  1599    10.318  0.00000
  1600    10.397  0.00000
  1601    10.431  0.00000
  1602    10.478  0.00000
  1603    10.496  0.00000
  1604    10.499  0.00000
  1605    10.514  0.00000
  1606    10.533  0.00000
  1607    10.549  0.00000
  1608    10.555  0.00000
  1609    10.561  0.00000
  1610    10.570  0.00000
  1611    10.590  0.00000
  1612    10.595  0.00000
  1613    10.623  0.00000
  1614    10.640  0.00000
  1615    10.650  0.00000
  1616    10.661  0.00000
  1617    10.693  0.00000
  1618    10.703  0.00000
  1619    10.711  0.00000
  1620    10.754  0.00000
  1621    10.836  0.00000
  1622    10.872  0.00000
  1623    10.905  0.00000
  1624    10.935  0.00000
  1625    10.990  0.00000
  1626    11.129  0.00000
  1627    11.135  0.00000
  1628    11.143  0.00000
  1629    11.162  0.00000
  1630    11.194  0.00000
  1631    11.247  0.00000
  1632    11.257  0.00000
  1633    11.260  0.00000
  1634    11.275  0.00000
  1635    11.290  0.00000
  1636    11.292  0.00000
  1637    11.314  0.00000
  1638    11.327  0.00000
  1639    11.351  0.00000
  1640    11.390  0.00000
  1641    11.395  0.00000
  1642    11.407  0.00000
  1643    11.627  0.00000
  1644    11.635  0.00000
  1645    11.639  0.00000
  1646    11.678  0.00000
  1647    11.716  0.00000
  1648    11.723  0.00000
  1649    11.736  0.00000
  1650    11.792  0.00000
  1651    11.886  0.00000
  1652    11.960  0.00000
  1653    12.047  0.00000
  1654    12.476  0.00000
  1655    12.610  0.00000
  1656    13.204  0.00000
  1657    13.250  0.00000
  1658    13.258  0.00000
  1659    13.277  0.00000
  1660    13.369  0.00000
  1661    13.377  0.00000
  1662    13.403  0.00000
  1663    13.422  0.00000
  1664    13.426  0.00000
  1665    13.431  0.00000
  1666    13.440  0.00000
  1667    13.504  0.00000
  1668    13.506  0.00000
  1669    13.568  0.00000
  1670    13.580  0.00000
  1671    13.589  0.00000
  1672    13.600  0.00000
  1673    13.608  0.00000
  1674    13.614  0.00000
  1675    13.634  0.00000
  1676    13.656  0.00000
  1677    13.657  0.00000
  1678    13.689  0.00000
  1679    13.699  0.00000
  1680    13.723  0.00000
  1681    13.749  0.00000
  1682    13.765  0.00000
  1683    13.768  0.00000
  1684    13.782  0.00000
  1685    13.825  0.00000
  1686    13.833  0.00000
  1687    13.845  0.00000
  1688    13.870  0.00000
  1689    13.875  0.00000
  1690    13.905  0.00000
  1691    13.947  0.00000
  1692    14.045  0.00000
  1693    14.073  0.00000
  1694    14.075  0.00000
  1695    14.097  0.00000
  1696    14.161  0.00000
  1697    14.170  0.00000
  1698    14.196  0.00000
  1699    14.248  0.00000
  1700    14.274  0.00000
  1701    14.276  0.00000
  1702    14.336  0.00000
  1703    14.354  0.00000
  1704    14.373  0.00000
  1705    14.398  0.00000
  1706    14.433  0.00000
  1707    14.437  0.00000
  1708    14.450  0.00000
  1709    14.497  0.00000
  1710    14.530  0.00000
  1711    14.541  0.00000
  1712    14.564  0.00000
  1713    14.574  0.00000
  1714    14.632  0.00000
  1715    14.656  0.00000
  1716    14.659  0.00000
  1717    14.737  0.00000
  1718    14.759  0.00000
  1719    14.818  0.00000
  1720    14.875  0.00000
  1721    14.971  0.00000
  1722    15.003  0.00000
  1723    15.084  0.00000
  1724    15.258  0.00000
  1725    15.293  0.00000
  1726    15.305  0.00000
  1727    15.317  0.00000
  1728    15.322  0.00000
  1729    15.333  0.00000
  1730    15.361  0.00000
  1731    15.376  0.00000
  1732    15.397  0.00000
  1733    15.426  0.00000
  1734    15.459  0.00000
  1735    15.479  0.00000
  1736    15.479  0.00000
  1737    15.511  0.00000
  1738    15.591  0.00000
  1739    15.633  0.00000
  1740    15.645  0.00000
  1741    15.676  0.00000
  1742    15.687  0.00000
  1743    15.702  0.00000
  1744    15.719  0.00000
  1745    15.879  0.00000
  1746    15.950  0.00000
  1747    15.987  0.00000
  1748    16.001  0.00000
  1749    16.023  0.00000
  1750    16.055  0.00000
  1751    16.128  0.00000
  1752    16.165  0.00000
  1753    16.224  0.00000
  1754    16.252  0.00000
  1755    16.300  0.00000
  1756    16.332  0.00000
  1757    16.388  0.00000
  1758    16.405  0.00000
  1759    16.408  0.00000
  1760    16.432  0.00000
  1761    16.444  0.00000
  1762    16.446  0.00000
  1763    16.500  0.00000
  1764    16.515  0.00000
  1765    16.616  0.00000
  1766    16.653  0.00000
  1767    16.658  0.00000
  1768    16.735  0.00000
  1769    16.791  0.00000
  1770    16.841  0.00000
  1771    16.879  0.00000
  1772    16.918  0.00000
  1773    16.956  0.00000
  1774    16.961  0.00000
  1775    16.991  0.00000
  1776    17.015  0.00000
  1777    17.025  0.00000
  1778    17.029  0.00000
  1779    17.042  0.00000
  1780    17.107  0.00000
  1781    17.138  0.00000
  1782    17.210  0.00000
  1783    17.325  0.00000
  1784    17.335  0.00000
  1785    17.342  0.00000
  1786    17.346  0.00000
  1787    17.349  0.00000
  1788    17.428  0.00000
  1789    17.480  0.00000
  1790    17.482  0.00000
  1791    17.550  0.00000
  1792    17.591  0.00000
  1793    17.599  0.00000
  1794    17.634  0.00000
  1795    17.650  0.00000
  1796    17.703  0.00000
  1797    17.724  0.00000
  1798    17.739  0.00000
  1799    17.772  0.00000
  1800    17.784  0.00000
  1801    17.815  0.00000
  1802    17.817  0.00000
  1803    17.868  0.00000
  1804    17.915  0.00000
  1805    17.918  0.00000
  1806    17.947  0.00000
  1807    17.957  0.00000
  1808    17.988  0.00000
  1809    18.017  0.00000
  1810    18.054  0.00000
  1811    18.067  0.00000
  1812    18.075  0.00000
  1813    18.094  0.00000
  1814    18.155  0.00000
  1815    18.231  0.00000
  1816    18.239  0.00000
  1817    18.249  0.00000
  1818    18.266  0.00000
  1819    18.287  0.00000
  1820    18.314  0.00000
  1821    18.348  0.00000
  1822    18.383  0.00000
  1823    18.407  0.00000
  1824    18.412  0.00000
  1825    18.459  0.00000
  1826    18.461  0.00000
  1827    18.473  0.00000
  1828    18.494  0.00000
  1829    18.506  0.00000
  1830    18.519  0.00000
  1831    18.562  0.00000
  1832    18.625  0.00000
  1833    18.662  0.00000
  1834    18.677  0.00000
  1835    18.677  0.00000
  1836    18.743  0.00000
  1837    18.801  0.00000
  1838    18.811  0.00000
  1839    18.828  0.00000
  1840    18.834  0.00000
  1841    18.849  0.00000
  1842    18.853  0.00000
  1843    18.898  0.00000
  1844    18.936  0.00000
  1845    18.941  0.00000
  1846    18.966  0.00000
  1847    19.015  0.00000
  1848    19.038  0.00000
  1849    19.069  0.00000
  1850    19.143  0.00000
  1851    19.158  0.00000
  1852    19.165  0.00000
  1853    19.170  0.00000
  1854    19.198  0.00000
  1855    19.344  0.00000
  1856    19.352  0.00000
  1857    19.353  0.00000
  1858    19.396  0.00000
  1859    19.408  0.00000
  1860    19.409  0.00000
  1861    19.420  0.00000
  1862    19.465  0.00000
  1863    19.476  0.00000
  1864    19.501  0.00000
  1865    19.589  0.00000
  1866    19.633  0.00000
  1867    19.655  0.00000
  1868    19.660  0.00000
  1869    19.670  0.00000
  1870    19.724  0.00000
  1871    19.760  0.00000
  1872    19.772  0.00000
  1873    19.822  0.00000
  1874    19.824  0.00000
  1875    19.837  0.00000
  1876    19.841  0.00000
  1877    19.847  0.00000
  1878    19.858  0.00000
  1879    19.876  0.00000
  1880    19.942  0.00000
  1881    19.996  0.00000
  1882    19.999  0.00000
  1883    20.040  0.00000
  1884    20.056  0.00000
  1885    20.097  0.00000
  1886    20.137  0.00000
  1887    20.139  0.00000
  1888    20.161  0.00000
  1889    20.193  0.00000
  1890    20.215  0.00000
  1891    20.255  0.00000
  1892    20.257  0.00000
  1893    20.275  0.00000
  1894    20.340  0.00000
  1895    20.364  0.00000
  1896    20.372  0.00000
  1897    20.376  0.00000
  1898    20.389  0.00000
  1899    20.389  0.00000
  1900    20.433  0.00000
  1901    20.444  0.00000
  1902    20.447  0.00000
  1903    20.502  0.00000
  1904    20.618  0.00000
  1905    20.621  0.00000
  1906    20.750  0.00000
  1907    20.827  0.00000
  1908    20.857  0.00000
  1909    20.887  0.00000
  1910    20.958  0.00000
  1911    20.966  0.00000
  1912    21.011  0.00000
  1913    21.016  0.00000
  1914    21.045  0.00000
  1915    21.087  0.00000
  1916    21.090  0.00000
  1917    21.094  0.00000
  1918    21.110  0.00000
  1919    21.163  0.00000
  1920    21.302  0.00000
  1921    21.327  0.00000
  1922    21.362  0.00000
  1923    21.362  0.00000
  1924    21.370  0.00000
  1925    21.373  0.00000
  1926    21.510  0.00000
  1927    21.520  0.00000
  1928    21.557  0.00000
  1929    21.588  0.00000
  1930    21.602  0.00000
  1931    21.680  0.00000
  1932    21.704  0.00000
  1933    21.730  0.00000
  1934    21.758  0.00000
  1935    21.799  0.00000
  1936    21.845  0.00000
  1937    21.855  0.00000
  1938    21.860  0.00000
  1939    21.862  0.00000
  1940    21.927  0.00000
  1941    22.035  0.00000
  1942    22.037  0.00000
  1943    22.076  0.00000
  1944    22.090  0.00000
  1945    22.128  0.00000
  1946    22.227  0.00000
  1947    22.229  0.00000
  1948    22.275  0.00000
  1949    22.297  0.00000
  1950    22.307  0.00000
  1951    22.317  0.00000
  1952    22.407  0.00000
  1953    22.420  0.00000
  1954    22.465  0.00000
  1955    22.467  0.00000
  1956    22.527  0.00000
  1957    22.591  0.00000
  1958    22.658  0.00000
  1959    22.660  0.00000
  1960    22.815  0.00000
  1961    22.848  0.00000
  1962    22.898  0.00000
  1963    22.960  0.00000
  1964    23.007  0.00000
  1965    23.019  0.00000
  1966    23.030  0.00000
  1967    23.043  0.00000
  1968    23.126  0.00000
  1969    23.179  0.00000
  1970    23.222  0.00000
  1971    23.229  0.00000
  1972    23.276  0.00000
  1973    23.290  0.00000
  1974    23.320  0.00000
  1975    23.374  0.00000
  1976    23.379  0.00000
  1977    23.459  0.00000
  1978    23.465  0.00000
  1979    23.472  0.00000
  1980    23.557  0.00000
  1981    23.601  0.00000
  1982    23.631  0.00000
  1983    23.660  0.00000
  1984    23.775  0.00000
  1985    23.810  0.00000
  1986    23.833  0.00000
  1987    23.895  0.00000
  1988    23.951  0.00000
  1989    24.072  0.00000
  1990    24.176  0.00000
  1991    24.243  0.00000
  1992    24.270  0.00000
  1993    24.389  0.00000
  1994    24.434  0.00000
  1995    24.483  0.00000
  1996    24.627  0.00000
  1997    24.726  0.00000
  1998    24.759  0.00000
  1999    24.801  0.00000
  2000    24.823  0.00000
  2001    24.831  0.00000
  2002    24.905  0.00000
  2003    24.972  0.00000
  2004    25.020  0.00000
  2005    25.237  0.00000
  2006    25.277  0.00000
  2007    25.279  0.00000
  2008    25.437  0.00000
  2009    25.678  0.00000
  2010    25.719  0.00000
  2011    25.733  0.00000
  2012    25.754  0.00000
  2013    25.790  0.00000
  2014    25.796  0.00000
  2015    25.824  0.00000
  2016    25.850  0.00000
  2017    25.871  0.00000
  2018    25.990  0.00000
  2019    26.112  0.00000
  2020    26.356  0.00000
  2021    26.400  0.00000
  2022    26.468  0.00000
  2023    26.468  0.00000
  2024    26.614  0.00000
  2025    26.681  0.00000
  2026    26.736  0.00000
  2027    26.747  0.00000
  2028    26.841  0.00000
  2029    26.860  0.00000
  2030    26.953  0.00000
  2031    27.014  0.00000
  2032    27.170  0.00000
  2033    27.178  0.00000
  2034    27.270  0.00000
  2035    27.335  0.00000
  2036    27.353  0.00000
  2037    27.388  0.00000
  2038    27.401  0.00000
  2039    27.475  0.00000
  2040    27.486  0.00000
  2041    27.713  0.00000
  2042    27.810  0.00000
  2043    27.810  0.00000
  2044    27.864  0.00000
  2045    27.955  0.00000
  2046    28.045  0.00000
  2047    28.114  0.00000
  2048    28.142  0.00000
  2049    28.164  0.00000
  2050    28.299  0.00000
  2051    28.299  0.00000
  2052    28.305  0.00000
  2053    28.414  0.00000
  2054    28.442  0.00000
  2055    28.460  0.00000
  2056    28.478  0.00000
  2057    28.499  0.00000
  2058    28.553  0.00000
  2059    28.568  0.00000
  2060    28.577  0.00000
  2061    28.623  0.00000
  2062    28.639  0.00000
  2063    28.648  0.00000
  2064    28.815  0.00000
  2065    28.854  0.00000
  2066    28.865  0.00000
  2067    28.883  0.00000
  2068    28.893  0.00000
  2069    28.932  0.00000
  2070    28.951  0.00000
  2071    28.997  0.00000
  2072    29.119  0.00000
  2073    29.131  0.00000
  2074    29.143  0.00000
  2075    29.203  0.00000
  2076    29.218  0.00000
  2077    29.243  0.00000
  2078    29.250  0.00000
  2079    29.280  0.00000
  2080    29.371  0.00000
  2081    29.390  0.00000
  2082    29.495  0.00000
  2083    29.534  0.00000
  2084    29.581  0.00000
  2085    29.630  0.00000
  2086    29.709  0.00000
  2087    29.723  0.00000
  2088    29.728  0.00000
  2089    29.768  0.00000
  2090    29.896  0.00000
  2091    29.909  0.00000
  2092    30.009  0.00000
  2093    30.060  0.00000
  2094    30.080  0.00000
  2095    30.132  0.00000
  2096    30.331  0.00000
  2097    30.354  0.00000
  2098    30.504  0.00000
  2099    30.520  0.00000
  2100    30.521  0.00000
  2101    30.540  0.00000
  2102    30.674  0.00000
  2103    30.829  0.00000
  2104    30.834  0.00000
  2105    30.862  0.00000
  2106    31.052  0.00000
  2107    31.276  0.00000
  2108    31.459  0.00000
  2109    31.630  0.00000
  2110    31.644  0.00000
  2111    31.834  0.00000
  2112    32.012  0.00000
  2113    32.353  0.00000
  2114    32.563  0.00000
  2115    32.695  0.00000
  2116    32.865  0.00000
  2117    33.667  0.00000
  2118    33.784  0.00000
  2119    33.979  0.00000
  2120    34.444  0.00000

