
************************************************************************
*                                                                      *
*                                                                      *
*                      88888888ba     ,ad8888ba,                       *
*                      88      "8b   d8"'    `"8b                      *
*                      88      ,8P  d8'        `8b                     *
*                      88aaaaaa8P'  88          88                     *
*                      88""""""'    88          88                     *
*                      88           Y8,    "88,,8P                     *
*                      88            Y8a.    Y88P                      *
*                      88             `"Y8888Y"Y8a                     *
*                                                                      *
*                                                                      *
************************************************************************

         Author:        Jakob Gamper
         Email:         97gamjak@gmail.com

         Testing:       Josef M. Gallmetzer
                        Armin Penz
                        Stefan Seiwald
                        Benjamin Reitmair

         Version:       v0.5.3-224912e0
         Compile date:  Feb  6 2025 18:39:38

INFO:    Reading Moldescriptor File "moldescriptor.dat"

INFO:    Reading Start File "zif8.rst"

INFO:    Setup of QM runner

