 KPT            1  SPIN            1  KWEIGHT    1.0000000000000000     
     1   -24.799  2.00000
     2   -22.676  2.00000
     3   -17.560  2.00000
     4   -15.126  2.00000
     5   -13.200  2.00000
     6   -11.199  2.00000
     7   -11.145  2.00000
     8    -9.911  2.00000
     9    -9.712  2.00000
    10    -9.197  2.00000
    11    -8.895  2.00000
    12    -8.045  2.00000
    13    -6.426  2.00000
    14    -6.135  2.00000
    15    -3.834  0.00000
    16    -2.079  0.00000
    17     7.642  0.00000
    18     9.165  0.00000
    19     9.353  0.00000
    20    11.195  0.00000
    21    12.011  0.00000
    22    13.103  0.00000
    23    14.331  0.00000
    24    16.228  0.00000

